con is null
org.apache.derby.jdbc.ClientDriver loaded. 
Fri May 01 08:05:47 UTC 2015 | TryDB.refreshGameStatus | Refresing 
/home/rnjnrn/git/BotV2
Fri May 01 08:05:47 UTC 2015 | TryDB.getGamesForBetting | Start 
Fri May 01 08:05:47 UTC 2015 | TryDB.forceGetGamesForBetting | Start 
Fri May 01 08:05:47 UTC 2015Updating CricInfo Details
Fri May 01 08:05:47 UTC 2015 | TryDB.forceGetGamesForBetting | End 
Fri May 01 08:05:47 UTC 2015 | TryDB.getGamesForBetting | End 
Fri May 01 08:05:47 UTC 2015 | TryDB.getGamesForBetting | Start 
Fri May 01 08:05:47 UTC 2015 | TryDB.GetGamesForBetting | 31 DitchCache false
Fri May 01 08:05:47 UTC 2015 | TryDB.GetGamesForBetting | 32 DitchCache false
Fri May 01 08:05:47 UTC 2015 | TryDB.getGamesForBetting | End 
Fri May 01 08:05:48 UTC 2015 | NextMatchDetails| Start 
 -----------old  games -----------
Fri May 01 08:05:48 UTC 2015 | TryDB.getGamesForBetting | Start 
Fri May 01 08:05:48 UTC 2015 | TryDB.GetGamesForBetting | 31 DitchCache false
Fri May 01 08:05:48 UTC 2015 | TryDB.GetGamesForBetting | 32 DitchCache false
Fri May 01 08:05:48 UTC 2015 | TryDB.getGamesForBetting | End 
 -----------new  games -----------
 New Game : 31
 New Game : 32
 changed ?  true
Fri May 01 08:05:48 UTC 2015 | TryDB.getGamesForBetting | Start 
Fri May 01 08:05:48 UTC 2015 | TryDB.GetGamesForBetting | 31 DitchCache false
Fri May 01 08:05:48 UTC 2015 | TryDB.GetGamesForBetting | 32 DitchCache false
Fri May 01 08:05:48 UTC 2015 | TryDB.getGamesForBetting | End 
Fri May 01 08:05:49 UTC 2015 | NextMatchDetails| Sleep Off 
In Cricinfo - Match number =1 results available
Fri May 01 08:05:51 UTC 2015 | Engine.fireMatchResultAvailable | lastmatch com.engine.dataobject.Game@20
In Cricinfo - Match number =2 results available
Fri May 01 08:05:51 UTC 2015 | Engine.fireMatchResultAvailable | lastmatch com.engine.dataobject.Game@21
In Cricinfo - Match number =3 results available
Fri May 01 08:05:51 UTC 2015 | Engine.fireMatchResultAvailable | lastmatch com.engine.dataobject.Game@22
In Cricinfo - Match number =4 results available
Fri May 01 08:05:51 UTC 2015 | Engine.fireMatchResultAvailable | lastmatch com.engine.dataobject.Game@23
In Cricinfo - Match number =5 results available
Fri May 01 08:05:51 UTC 2015 | Engine.fireMatchResultAvailable | lastmatch com.engine.dataobject.Game@24
In Cricinfo - Match number =6 results available
Fri May 01 08:05:51 UTC 2015 | Engine.fireMatchResultAvailable | lastmatch com.engine.dataobject.Game@25
In Cricinfo - Match number =7 results available
Fri May 01 08:05:51 UTC 2015 | Engine.fireMatchResultAvailable | lastmatch com.engine.dataobject.Game@26
In Cricinfo - Match number =8 results available
Fri May 01 08:05:51 UTC 2015 | Engine.fireMatchResultAvailable | lastmatch com.engine.dataobject.Game@27
In Cricinfo - Match number =9 results available
Fri May 01 08:05:51 UTC 2015 | Engine.fireMatchResultAvailable | lastmatch com.engine.dataobject.Game@28
In Cricinfo - Match number =10 results available
Fri May 01 08:05:51 UTC 2015 | Engine.fireMatchResultAvailable | lastmatch com.engine.dataobject.Game@29
In Cricinfo - Match number =11 results available
Fri May 01 08:05:51 UTC 2015 | Engine.fireMatchResultAvailable | lastmatch com.engine.dataobject.Game@2a
In Cricinfo - Match number =12 results available
Fri May 01 08:05:51 UTC 2015 | Engine.fireMatchResultAvailable | lastmatch com.engine.dataobject.Game@2b
In Cricinfo - Match number =13 results available
Fri May 01 08:05:51 UTC 2015 | Engine.fireMatchResultAvailable | lastmatch com.engine.dataobject.Game@2c
In Cricinfo - Match number =14 results available
Fri May 01 08:05:51 UTC 2015 | Engine.fireMatchResultAvailable | lastmatch com.engine.dataobject.Game@2d
In Cricinfo - Match number =15 results available
Fri May 01 08:05:51 UTC 2015 | Engine.fireMatchResultAvailable | lastmatch com.engine.dataobject.Game@2e
In Cricinfo - Match number =16 results available
Fri May 01 08:05:51 UTC 2015 | Engine.fireMatchResultAvailable | lastmatch com.engine.dataobject.Game@2f
In Cricinfo - Match number =17 results available
Fri May 01 08:05:51 UTC 2015 | Engine.fireMatchResultAvailable | lastmatch com.engine.dataobject.Game@30
Attempt no: 1
In Cricinfo - Match number =18 results available
Fri May 01 08:05:51 UTC 2015 | Engine.fireMatchResultAvailable | lastmatch com.engine.dataobject.Game@31
In Cricinfo - Match number =19 results available
Fri May 01 08:05:51 UTC 2015 | Engine.fireMatchResultAvailable | lastmatch com.engine.dataobject.Game@32
In Cricinfo - Match number =20 results available
Fri May 01 08:05:51 UTC 2015 | Engine.fireMatchResultAvailable | lastmatch com.engine.dataobject.Game@33
In Cricinfo - Match number =21 results available
Fri May 01 08:05:51 UTC 2015 | Engine.fireMatchResultAvailable | lastmatch com.engine.dataobject.Game@34
In Cricinfo - Match number =22 results available
Fri May 01 08:05:51 UTC 2015 | Engine.fireMatchResultAvailable | lastmatch com.engine.dataobject.Game@35
In Cricinfo - Match number =23 results available
Fri May 01 08:05:51 UTC 2015 | Engine.fireMatchResultAvailable | lastmatch com.engine.dataobject.Game@36
In Cricinfo - Match number =24 results available
Fri May 01 08:05:51 UTC 2015 | Engine.fireMatchResultAvailable | lastmatch com.engine.dataobject.Game@37
In Cricinfo - Match number =25 results available
Fri May 01 08:05:51 UTC 2015 | Engine.fireMatchResultAvailable | lastmatch com.engine.dataobject.Game@38
In Cricinfo - Match number =26 results available
Fri May 01 08:05:51 UTC 2015 | Engine.fireMatchResultAvailable | lastmatch com.engine.dataobject.Game@39
In Cricinfo - Match number =27 results available
Fri May 01 08:05:51 UTC 2015 | Engine.fireMatchResultAvailable | lastmatch com.engine.dataobject.Game@3a
In Cricinfo - Match number =28 results available
Fri May 01 08:05:51 UTC 2015 | Engine.fireMatchResultAvailable | lastmatch com.engine.dataobject.Game@3b
In Cricinfo - Match number =29 results available
Fri May 01 08:05:51 UTC 2015 | Engine.fireMatchResultAvailable | lastmatch com.engine.dataobject.Game@3c
In Cricinfo - Match number =30 results available
Fri May 01 08:05:51 UTC 2015 | Engine.fireMatchResultAvailable | lastmatch com.engine.dataobject.Game@3d
Fri May 01 08:05:51 UTC 2015Cricinfo - Sleeping for 10 mins
Reading: 13026901224@ [01-05-2015 02:37]:Hall of fame 
Sending: ------------------------
ICC World Cup 2015
------------------------
Gold   : Sinchana
Silver : Papumama
Bronze: Sindhu
Motte : Veena

Reading: 919916394597 [01-05-2015 02:42]:Punjab rajasthan 
Fri May 01 08:10:54 UTC 2015 | TryDB.getGamesForBetting | Start 
Fri May 01 08:10:54 UTC 2015 | TryDB.GetGamesForBetting | 31 DitchCache false
Fri May 01 08:10:54 UTC 2015 | TryDB.GetGamesForBetting | 32 DitchCache false
Fri May 01 08:10:54 UTC 2015 | TryDB.getGamesForBetting | End 
Fri May 01 08:10:54 UTC 2015 | TryDB.getGamesForBetting | Start 
Fri May 01 08:10:54 UTC 2015 | TryDB.GetGamesForBetting | 31 DitchCache false
Fri May 01 08:10:54 UTC 2015 | TryDB.GetGamesForBetting | 32 DitchCache false
Fri May 01 08:10:54 UTC 2015 | TryDB.getGamesForBetting | End 
Fri May 01 08:10:54 UTC 2015 | TryDB.getGamesForBetting | Start 
Fri May 01 08:10:54 UTC 2015 | TryDB.GetGamesForBetting | 31 DitchCache false
Fri May 01 08:10:54 UTC 2015 | TryDB.GetGamesForBetting | 32 DitchCache false
Fri May 01 08:10:54 UTC 2015 | TryDB.getGamesForBetting | End 
Fri May 01 08:10:54 UTC 2015 | TryDB.getGamesForBetting | Start 
Fri May 01 08:10:54 UTC 2015 | TryDB.GetGamesForBetting | 31 DitchCache false
Fri May 01 08:10:54 UTC 2015 | TryDB.GetGamesForBetting | 32 DitchCache false
Fri May 01 08:10:54 UTC 2015 | TryDB.getGamesForBetting | End 
Sending: Shashi: Punjab(Good Job!)-Rajasthan(Good Job!)-
Fri May 01 08:10:55 UTC 2015 | TryDB.getGamesForBetting | Start 
Fri May 01 08:10:55 UTC 2015 | TryDB.GetGamesForBetting | 31 DitchCache false
Fri May 01 08:10:55 UTC 2015 | TryDB.GetGamesForBetting | 32 DitchCache false
Fri May 01 08:10:55 UTC 2015 | TryDB.getGamesForBetting | End 
Fri May 01 08:10:55 UTC 2015 | TryDB.getGamesForBetting | Start 
Fri May 01 08:10:55 UTC 2015 | TryDB.GetGamesForBetting | 31 DitchCache false
Fri May 01 08:10:55 UTC 2015 | TryDB.GetGamesForBetting | 32 DitchCache false
Fri May 01 08:10:55 UTC 2015 | TryDB.getGamesForBetting | End 
Fri May 01 08:10:55 UTC 2015 | TryDB.getGamesForBetting | Start 
Fri May 01 08:10:55 UTC 2015 | TryDB.GetGamesForBetting | 31 DitchCache false
Fri May 01 08:10:55 UTC 2015 | TryDB.GetGamesForBetting | 32 DitchCache false
Fri May 01 08:10:55 UTC 2015 | TryDB.getGamesForBetting | End 
Fri May 01 08:10:55 UTC 2015 | TryDB.getGamesForBetting | Start 
Fri May 01 08:10:55 UTC 2015 | TryDB.GetGamesForBetting | 31 DitchCache false
Fri May 01 08:10:55 UTC 2015 | TryDB.GetGamesForBetting | 32 DitchCache false
Fri May 01 08:10:55 UTC 2015 | TryDB.getGamesForBetting | End 
Sending: ---------
Game 31 : Delhi ( Ashwin - DNarayan - Eshwar - Hemanth - )[4]
Vs
Punjab ( Chaitra - PapuMama - Prashanth - Rajiv - Shashi - Sinchana - Veena - )[7]
-------
Game 32 : Mumbai ( DNarayan - Eshwar - PapuMama - Rajiv - Sinchana - Veena - )[6]
Vs
Rajasthan ( Ashwin - Chaitra - Hemanth - Prashanth - Shashi - )[5]
-------

